<?xml version="1.0" encoding="UTF-8"?>
<robot generator="Robot 7.0 (Python 3.12.3 on win32)" generated="2024-05-27T22:16:29.463110" rpa="false" schemaversion="5">
<suite id="s1" name="Mercado Livre Testes Gherkin Bdd" source="C:\CursoUdemy\RobotFramework\WebTestMercadoLivre\mercado_livre_testes_gherkin_bdd.robot">
<test id="s1-t1" name="Caso de teste 01 - Acesso ao menu &quot;Supermercado&quot;" line="10">
<kw name="Abrir o navegador" owner="mercado_livre_resources" type="SETUP">
<kw name="Open Browser" owner="SeleniumLibrary">
<msg time="2024-05-27T22:16:29.684440" level="INFO">Opening browser 'chrome' to base url 'https://www.mercadolivre.com.br/'.</msg>
<arg>${URL}</arg>
<arg>browser=chrome</arg>
<doc>Opens a new browser instance to the optional ``url``.</doc>
<status status="PASS" start="2024-05-27T22:16:29.684440" elapsed="3.304591"/>
</kw>
<kw name="Maximize Browser Window" owner="SeleniumLibrary">
<doc>Maximizes current browser window.</doc>
<status status="PASS" start="2024-05-27T22:16:32.989031" elapsed="0.324670"/>
</kw>
<status status="PASS" start="2024-05-27T22:16:29.684440" elapsed="3.629261"/>
</kw>
<kw name="Dado que estou na home page da Mercadolivre.com.br" owner="mercado_livre_resources">
<kw name="Acessar a home page do site mercadolivre.com.br" owner="mercado_livre_resources">
<kw name="Go To" owner="SeleniumLibrary">
<msg time="2024-05-27T22:16:33.316154" level="INFO">Opening url 'https://www.mercadolivre.com.br/'</msg>
<arg>${URL}</arg>
<doc>Navigates the current browser window to the provided ``url``.</doc>
<status status="PASS" start="2024-05-27T22:16:33.316154" elapsed="0.697243"/>
</kw>
<kw name="Wait Until Element Is Visible" owner="SeleniumLibrary">
<arg>locator=${MENU_SUPERMERCADO}</arg>
<arg>timeout=10s</arg>
<doc>Waits until the element ``locator`` is visible.</doc>
<status status="PASS" start="2024-05-27T22:16:34.013397" elapsed="0.529720"/>
</kw>
<status status="PASS" start="2024-05-27T22:16:33.315577" elapsed="1.228574"/>
</kw>
<status status="PASS" start="2024-05-27T22:16:33.314576" elapsed="1.229575"/>
</kw>
<kw name="Quando acessar o menu &quot;Supermercado&quot;" owner="mercado_livre_resources">
<kw name="Entrar no menu &quot;Supermercado&quot;" owner="mercado_livre_resources">
<kw name="Click Element" owner="SeleniumLibrary">
<msg time="2024-05-27T22:16:34.546162" level="INFO">Clicking element '//a[contains(.,'Supermercado')]'.</msg>
<arg>locator=${MENU_SUPERMERCADO}</arg>
<doc>Click the element identified by ``locator``.</doc>
<status status="PASS" start="2024-05-27T22:16:34.546162" elapsed="1.158445"/>
</kw>
<status status="PASS" start="2024-05-27T22:16:34.545115" elapsed="1.159492"/>
</kw>
<status status="PASS" start="2024-05-27T22:16:34.545115" elapsed="1.159492"/>
</kw>
<kw name="E o texto &quot;NOSSAS CATEGORIAS&quot; deve ser exibido na página" owner="mercado_livre_resources">
<kw name="Verificar se aparece a frase &quot;NOSSAS CATEGORIAS&quot;" owner="mercado_livre_resources">
<kw name="Wait Until Page Contains" owner="SeleniumLibrary">
<arg>text=${TEXTO_NOSSA_CATEGORIA}</arg>
<arg>timeout=10s</arg>
<doc>Waits until ``text`` appears on the current page.</doc>
<status status="PASS" start="2024-05-27T22:16:35.705987" elapsed="0.064787"/>
</kw>
<kw name="Wait Until Element Is Visible" owner="SeleniumLibrary">
<arg>locator=${HEADER_NOSSA_CATEGORIA}</arg>
<arg>timeout=10s</arg>
<doc>Waits until the element ``locator`` is visible.</doc>
<status status="PASS" start="2024-05-27T22:16:35.770774" elapsed="0.029900"/>
</kw>
<status status="PASS" start="2024-05-27T22:16:35.705987" elapsed="0.094687"/>
</kw>
<status status="PASS" start="2024-05-27T22:16:35.704607" elapsed="0.096067"/>
</kw>
<kw name="Fechar o navegador" owner="mercado_livre_resources" type="TEARDOWN">
<kw name="Close Browser" owner="SeleniumLibrary">
<doc>Closes the current browser.</doc>
<status status="PASS" start="2024-05-27T22:16:35.801670" elapsed="2.216976"/>
</kw>
<status status="PASS" start="2024-05-27T22:16:35.800674" elapsed="2.217972"/>
</kw>
<doc>Esse teste verificar o menu supermercado do site da mercadolivre.com.br
e verifica a Categoria e Bebidas</doc>
<tag>categorias</tag>
<tag>menus</tag>
<status status="PASS" start="2024-05-27T22:16:29.683427" elapsed="8.335219"/>
</test>
<doc>Essa suite testa o site da Mercadolivre.com.br</doc>
<status status="PASS" start="2024-05-27T22:16:29.464107" elapsed="8.556902"/>
</suite>
<statistics>
<total>
<stat pass="1" fail="0" skip="0">All Tests</stat>
</total>
<tag>
<stat pass="1" fail="0" skip="0">categorias</stat>
<stat pass="1" fail="0" skip="0">menus</stat>
</tag>
<suite>
<stat pass="1" fail="0" skip="0" id="s1" name="Mercado Livre Testes Gherkin Bdd">Mercado Livre Testes Gherkin Bdd</stat>
</suite>
</statistics>
<errors>
</errors>
</robot>
